
****************************************************************************
***                       Sentaurus Workbench spp                        ***
***                          Version N-2017.09                           ***
***                        (1.563, x86_64, Linux)                        ***
***                                                                      ***
***                Copyright (c) 1994-2017 Synopsys, Inc.                ***
***                                                                      ***
***  This software and the associated documentation are confidential     ***
***  and proprietary to Synopsys, Inc.  Your use or disclosure of this   ***
***  software is subject to the terms and conditions of a written        ***
***  license agreement between you, or your company, and Synopsys, Inc.  ***
****************************************************************************

spp is running on host 'localhost' by user 'sentaurus'
Binary: '/home/eda/sentaurus-2017.09/sentaurus/N_2017.09/bin/../tcad/current/linux64/bin/../lib/spp0'
Command line options: '-verbose -i -e sprocess /home/sentaurus/STDB/tmp/g_localhost_14199_0.tmp'
Some relevant environment variables:
	STROOT=/home/eda/sentaurus-2017.09/sentaurus/N_2017.09/bin/..
	STRELEASE=current
	STROOT_LIB=/home/eda/sentaurus-2017.09/sentaurus/N_2017.09/bin/../tcad/current/lib
	STDB=/home/sentaurus/STDB
	DATEX=/home/eda/sentaurus-2017.09/sentaurus/N_2017.09/bin/../tcad/current/lib/datexcodes.txt
	DISPLAY=unix:0.0

Preprocessing project '/home/sentaurus/STDB/tmp/g_localhost_14199_0.tmp'
Loading global tool database '/home/eda/sentaurus-2017.09/sentaurus/N_2017.09/bin/../tcad/current/lib/glib2/tooldb.tcl'
spp will run in Global-per-node mode
INITIALIZING PREPROCESSOR:
Loading project tree '/home/sentaurus/STDB/tmp/g_localhost_14199_0.tmp/gtree.dat'
Loading project variables '/home/sentaurus/STDB/tmp/g_localhost_14199_0.tmp/gvars.dat'
--Get files to preprocess...
  -->/home/sentaurus/STDB/tmp/g_localhost_14199_0.tmp/sprocess_fps.cmd
  -->/home/sentaurus/STDB/tmp/g_localhost_14199_0.tmp/sdevice_des.cmd
--Create file handlers...
--Read the toolflow...
--Analyze tool-file dependencies...
--Read all nodes to preprocess...
--Group nodes into experiments...
--Get all variables...
--Get all parameters...
PREPROCESSOR SUCCESSFULLY INITIALIZED.
PREPROCESSING STEP 1:
Reading file /home/sentaurus/STDB/tmp/g_localhost_14199_0.tmp/sprocess_fps.cmd
Reading file /home/sentaurus/STDB/tmp/g_localhost_14199_0.tmp/sdevice_des.cmd
PREPROCESSING STEP 2:
Preprocessing file /home/sentaurus/STDB/tmp/g_localhost_14199_0.tmp/sprocess_fps.cmd fornode 1
  -Parameter substitution: '@node@' has been replaced by '1'

+++Preprocessed file written to /home/sentaurus/STDB/tmp/g_localhost_14199_0.tmp/pp1_fps.cmd
  -Parameter substitution: '@commands@' has been replaced by 'pp1_fps.cmd'

  -Parameter substitution: '@node@' has been replaced by '1'

  -Parameter substitution: '@pwd@' has been replaced by '/home/sentaurus/STDB/tmp/g_localhost_14199_0.tmp'

  -Parameter substitution: '@node@' has been replaced by '1'

cmd_line:-u n1_fps.cmd
  -Parameter substitution: '@stdout@' has been replaced by 'n1_fps.out'

  -Parameter substitution: '@node@' has been replaced by '1'

  -Parameter substitution: '@node@' has been replaced by '1'

  -Parameter substitution: '@node@' has been replaced by '1'

  -Parameter substitution: '@node@' has been replaced by '1'

  -Parameter substitution: '@node@' has been replaced by '1'

post_tcl_cmd:  extract_vars "$wdir" n1_fps.out 1; catch {os_cp "$wdir/n1_mdr.cmd" "$wdir/n1_msh.cmd"}; catch {os_cp "$wdir/n1_mdr.bnd" "$wdir/n1_msh.bnd"} 
Writing 'gexec.cmd'
saving variables
PREPROCESSING FINISHED, Tue Oct 29 19:32:13 2024
STATUS: Ok
Processing time = 0 s

